Determining if the pthread_create exist failed with the following output:
Change Dir: /home/rich/simulation_ws/src/ORBSLAM2_with_pointcloud_map/ORB_SLAM2_modified/Examples/ROS/ORB_SLAM2/build/CMakeFiles/CMakeTmp

Run Build Command:"/usr/bin/make" "cmTC_92f84/fast"
/usr/bin/make -f CMakeFiles/cmTC_92f84.dir/build.make CMakeFiles/cmTC_92f84.dir/build
make[1]: 进入目录“/home/rich/simulation_ws/src/ORBSLAM2_with_pointcloud_map/ORB_SLAM2_modified/Examples/ROS/ORB_SLAM2/build/CMakeFiles/CMakeTmp”
Building C object CMakeFiles/cmTC_92f84.dir/CheckSymbolExists.c.o
/usr/bin/cc    -o CMakeFiles/cmTC_92f84.dir/CheckSymbolExists.c.o   -c /home/rich/simulation_ws/src/ORBSLAM2_with_pointcloud_map/ORB_SLAM2_modified/Examples/ROS/ORB_SLAM2/build/CMakeFiles/CMakeTmp/CheckSymbolExists.c
Linking C executable cmTC_92f84
/usr/bin/cmake -E cmake_link_script CMakeFiles/cmTC_92f84.dir/link.txt --verbose=1
/usr/bin/cc      -rdynamic CMakeFiles/cmTC_92f84.dir/CheckSymbolExists.c.o  -o cmTC_92f84 
CMakeFiles/cmTC_92f84.dir/CheckSymbolExists.c.o：在函数‘main’中：
CheckSymbolExists.c:(.text+0x1b)：对‘pthread_create’未定义的引用
collect2: error: ld returned 1 exit status
CMakeFiles/cmTC_92f84.dir/build.make:97: recipe for target 'cmTC_92f84' failed
make[1]: *** [cmTC_92f84] Error 1
make[1]: 离开目录“/home/rich/simulation_ws/src/ORBSLAM2_with_pointcloud_map/ORB_SLAM2_modified/Examples/ROS/ORB_SLAM2/build/CMakeFiles/CMakeTmp”
Makefile:126: recipe for target 'cmTC_92f84/fast' failed
make: *** [cmTC_92f84/fast] Error 2

File /home/rich/simulation_ws/src/ORBSLAM2_with_pointcloud_map/ORB_SLAM2_modified/Examples/ROS/ORB_SLAM2/build/CMakeFiles/CMakeTmp/CheckSymbolExists.c:
/* */
#include <pthread.h>

int main(int argc, char** argv)
{
  (void)argv;
#ifndef pthread_create
  return ((int*)(&pthread_create))[argc];
#else
  (void)argc;
  return 0;
#endif
}

Determining if the function pthread_create exists in the pthreads failed with the following output:
Change Dir: /home/rich/simulation_ws/src/ORBSLAM2_with_pointcloud_map/ORB_SLAM2_modified/Examples/ROS/ORB_SLAM2/build/CMakeFiles/CMakeTmp

Run Build Command:"/usr/bin/make" "cmTC_228dc/fast"
/usr/bin/make -f CMakeFiles/cmTC_228dc.dir/build.make CMakeFiles/cmTC_228dc.dir/build
make[1]: 进入目录“/home/rich/simulation_ws/src/ORBSLAM2_with_pointcloud_map/ORB_SLAM2_modified/Examples/ROS/ORB_SLAM2/build/CMakeFiles/CMakeTmp”
Building C object CMakeFiles/cmTC_228dc.dir/CheckFunctionExists.c.o
/usr/bin/cc   -DCHECK_FUNCTION_EXISTS=pthread_create   -o CMakeFiles/cmTC_228dc.dir/CheckFunctionExists.c.o   -c /usr/share/cmake-3.10/Modules/CheckFunctionExists.c
Linking C executable cmTC_228dc
/usr/bin/cmake -E cmake_link_script CMakeFiles/cmTC_228dc.dir/link.txt --verbose=1
/usr/bin/cc  -DCHECK_FUNCTION_EXISTS=pthread_create    -rdynamic CMakeFiles/cmTC_228dc.dir/CheckFunctionExists.c.o  -o cmTC_228dc -lpthreads 
/usr/bin/ld: 找不到 -lpthreads
collect2: error: ld returned 1 exit status
CMakeFiles/cmTC_228dc.dir/build.make:97: recipe for target 'cmTC_228dc' failed
make[1]: *** [cmTC_228dc] Error 1
make[1]: 离开目录“/home/rich/simulation_ws/src/ORBSLAM2_with_pointcloud_map/ORB_SLAM2_modified/Examples/ROS/ORB_SLAM2/build/CMakeFiles/CMakeTmp”
Makefile:126: recipe for target 'cmTC_228dc/fast' failed
make: *** [cmTC_228dc/fast] Error 2


